<?xml version="1.0" encoding="UTF-8"?>
<!-- Generated by org.testng.reporters.JUnitXMLReporter -->
<testsuite hostname="SL-1606" ignored="0" name="Default test" tests="10" failures="0" timestamp="2021-08-24T19:59:49 AEST" time="82.473" errors="0">
  <testcase name="loginTest" time="15.541" classname="web.tests.MyEnd2EndTest"/>
  <testcase name="loginTest" time="15.671" classname="web.tests.MyEnd2EndTest"/>
  <testcase name="loginTest" time="17.835" classname="web.tests.MyEnd2EndTest"/>
  <testcase name="loginTest" time="21.483" classname="web.tests.MyEnd2EndTest"/>
  <testcase name="loginTest" time="22.231" classname="web.tests.MyEnd2EndTest"/>
  <testcase name="loginTest" time="22.36" classname="web.tests.MyEnd2EndTest"/>
  <testcase name="loginTest" time="22.493" classname="web.tests.MyEnd2EndTest"/>
  <testcase name="loginTest" time="22.84" classname="web.tests.MyEnd2EndTest"/>
  <testcase name="loginTest" time="68.723" classname="web.tests.MyEnd2EndTest"/>
  <testcase name="loginTest" time="81.21" classname="web.tests.MyEnd2EndTest"/>
</testsuite> <!-- Default test -->
