<?xml version="1.0" encoding="UTF-8"?>
<!-- Generated by org.testng.reporters.JUnitXMLReporter -->
<testsuite hostname="SL-1606" ignored="0" name="Default test" tests="6" failures="0" timestamp="2021-08-06T15:06:07 AEST" time="105.151" errors="0">
  <testcase name="loginTest" time="36.054" classname="app.tests.SauceDemoAppRDCTest"/>
  <testcase name="loginTest" time="39.83" classname="app.tests.SauceDemoAppRDCTest"/>
  <testcase name="loginTest" time="44.536" classname="app.tests.SauceDemoAppRDCTest"/>
  <testcase name="loginTest" time="53.885" classname="app.tests.SauceDemoAppRDCTest"/>
  <testcase name="loginTest" time="82.505" classname="app.tests.SauceDemoAppRDCTest"/>
  <testcase name="loginTest" time="103.965" classname="app.tests.SauceDemoAppRDCTest"/>
</testsuite> <!-- Default test -->
