<?xml version="1.0" encoding="UTF-8"?>
<testng-results skipped="0" failed="0" ignored="0" total="1" passed="1">
  <reporter-output>
  </reporter-output>
  <suite name="Default suite" duration-ms="11906" started-at="2021-08-23T21:03:58 AEST" finished-at="2021-08-23T21:04:10 AEST">
    <groups>
    </groups>
    <test name="Default test" duration-ms="11906" started-at="2021-08-23T21:03:58 AEST" finished-at="2021-08-23T21:04:10 AEST">
      <class name="web.tests.SauceDemoWebSimTest">
        <test-method status="PASS" signature="setupAppium()[pri:0, instance:web.tests.SauceDemoWebSimTest@11758f2a]" name="setupAppium" is-config="true" duration-ms="59411" started-at="2021-08-23T21:02:58 AEST" finished-at="2021-08-23T21:03:58 AEST">
          <reporter-output>
          </reporter-output>
        </test-method> <!-- setupAppium -->
        <test-method status="PASS" signature="loginTest()[pri:0, instance:web.tests.SauceDemoWebSimTest@11758f2a]" name="loginTest" duration-ms="11885" started-at="2021-08-23T21:03:58 AEST" finished-at="2021-08-23T21:04:10 AEST">
          <reporter-output>
          </reporter-output>
        </test-method> <!-- loginTest -->
        <test-method status="PASS" signature="uninstallApp()[pri:0, instance:web.tests.SauceDemoWebSimTest@11758f2a]" name="uninstallApp" is-config="true" duration-ms="1900" started-at="2021-08-23T21:04:11 AEST" finished-at="2021-08-23T21:04:13 AEST">
          <reporter-output>
          </reporter-output>
        </test-method> <!-- uninstallApp -->
      </class> <!-- web.tests.SauceDemoWebSimTest -->
    </test> <!-- Default test -->
  </suite> <!-- Default suite -->
</testng-results>
